<?xml version="1.0" encoding="UTF-8"?>
<!-- Generated by org.testng.reporters.JUnitReportReporter -->
<testsuite hostname="Haithams-Laptop" failures="0" tests="2" name="NewTest" time="2.762" errors="0" timestamp="2022-08-29T10:16:02 EEST" skipped="0">
  <testcase classname="NewTest" name="APITesting" time="0.519"/>
  <system-out/>
  <testcase classname="NewTest" name="APITesting" time="2.243"/>
  <system-out/>
</testsuite> <!-- NewTest -->
