<?xml version="1.0" encoding="UTF-8"?>
<!-- Generated by org.testng.reporters.JUnitReportReporter -->
<testsuite hostname="Haithams-Laptop" failures="0" tests="2" name="NewTest" time="2.937" errors="0" timestamp="2022-08-29T19:05:23 EEST" skipped="0">
  <testcase classname="NewTest" name="APITesting" time="0.475"/>
  <system-out/>
  <testcase classname="NewTest" name="APITesting" time="2.462"/>
  <system-out/>
</testsuite> <!-- NewTest -->
