<?xml version="1.0" encoding="UTF-8"?>
<!-- Generated by org.testng.reporters.JUnitReportReporter -->
<testsuite hostname="Haithams-Laptop" failures="0" tests="2" name="APITest" time="2.387" errors="0" timestamp="2022-08-29T19:33:39 EEST" skipped="0">
  <testcase classname="APITest" name="APITesting" time="0.469"/>
  <system-out/>
  <testcase classname="APITest" name="APITesting" time="1.918"/>
  <system-out/>
</testsuite> <!-- APITest -->
