<?xml version="1.0" encoding="UTF-8"?>
<!-- Generated by org.testng.reporters.JUnitReportReporter -->
<testsuite hostname="Haithams-Laptop" failures="0" tests="2" name="PostAPITest" time="0.011" errors="0" timestamp="2022-08-29T20:15:33 EEST" skipped="0">
  <testcase classname="PostAPITest" name="Test" time="0.011"/>
  <system-out/>
  <testcase classname="PostAPITest" name="Test" time="0.000"/>
  <system-out/>
</testsuite> <!-- PostAPITest -->
